[14:04:21.484] Global cache location '/home/enzobissoli/.cache/typescript/4.6', safe file path '/home/enzobissoli/Insync/enzogurgel15@gmail.com/GoogleDrive/UFPE/2021.2/EngSoftware/Projeto/final/status-module/node_modules/typescript/lib/typingSafeList.json', types map path /home/enzobissoli/Insync/enzogurgel15@gmail.com/GoogleDrive/UFPE/2021.2/EngSoftware/Projeto/final/status-module/node_modules/typescript/lib/typesMap.json
[14:04:21.485] Processing cache location '/home/enzobissoli/.cache/typescript/4.6'
[14:04:21.485] Trying to find '/home/enzobissoli/.cache/typescript/4.6/package.json'...
[14:04:21.486] Loaded content of '/home/enzobissoli/.cache/typescript/4.6/package.json': {"private":true,"dependencies":{"types-registry":"^0.1.593"},"devDependencies":{"@types/accepts":"^1.3.5","@types/angular":"^1.8.4","@types/balanced-match":"^1.0.2","@types/body-parser":"^1.19.2","@types/brace-expansion":"^1.1.0","@types/bytes":"^3.1.1","@types/concat-map":"0.0.1","@types/content-disposition":"^0.5.4","@types/content-type":"^1.1.5","@types/cookie":"^0.4.1","@types/cookie-signature":"^1.0.4","@types/debug":"^4.1.7","@types/depd":"^1.1.32","@types/destroy":"^1.0.0","@types/ee-first":"^1.1.0","@types/encodeurl":"^1.0.0","@types/escape-html":"^1.0.1","@types/etag":"^1.8.1","@types/express":"^4.17.13","@types/finalhandler":"^1.1.1","@types/forwarded":"^0.1.0","@types/fresh":"^0.5.0","@types/http-errors":"^1.8.2","@types/inherits":"^0.0.30","@types/isexe":"^2.0.1","@types/istanbul-lib-coverage":"^2.0.4","@types/istanbul-lib-instrument":"^1.7.4","@types/istanbul-lib-report":"^3.0.0","@types/istanbul-reports":"^3.0.1","@types/karma":"^6.3.3","@types/karma-chrome-launcher":"^3.1.1","@types/karma-coverage":"^2.0.1","@types/karma-jasmine":"^4.0.2","@types/karma-jasmine-html-reporter":"^1.7.0","@types/media-typer":"^1.1.1","@types/merge-descriptors":"^1.0.1","@types/methods":"^1.1.1","@types/mime":"^2.0.3","@types/mime-db":"^1.43.1","@types/mime-types":"^2.1.1","@types/minimatch":"^3.0.5","@types/ms":"^0.7.31","@types/negotiator":"^0.6.1","@types/on-finished":"^2.3.1","@types/parseurl":"^1.3.1","@types/proxy-addr":"^2.0.0","@types/qs":"^6.9.7","@types/range-parser":"^1.2.4","@types/safer-buffer":"^2.1.0","@types/send":"^0.17.1","@types/serve-static":"^1.13.10","@types/statuses":"^2.0.0","@types/type-is":"^1.6.3","@types/utils-merge":"^0.0.28","@types/vary":"^1.1.0","@types/which":"^2.0.1"}}
[14:04:21.486] Loaded content of '/home/enzobissoli/.cache/typescript/4.6/package-lock.json'
[14:04:21.494] Adding entry into typings cache: 'accepts' => '/home/enzobissoli/.cache/typescript/4.6/node_modules/@types/accepts/index.d.ts'
[14:04:21.497] Adding entry into typings cache: 'angular' => '/home/enzobissoli/.cache/typescript/4.6/node_modules/@types/angular/index.d.ts'
[14:04:21.498] Adding entry into typings cache: 'balanced-match' => '/home/enzobissoli/.cache/typescript/4.6/node_modules/@types/balanced-match/index.d.ts'
[14:04:21.501] Adding entry into typings cache: 'body-parser' => '/home/enzobissoli/.cache/typescript/4.6/node_modules/@types/body-parser/index.d.ts'
[14:04:21.503] Adding entry into typings cache: 'brace-expansion' => '/home/enzobissoli/.cache/typescript/4.6/node_modules/@types/brace-expansion/index.d.ts'
[14:04:21.505] Adding entry into typings cache: 'bytes' => '/home/enzobissoli/.cache/typescript/4.6/node_modules/@types/bytes/index.d.ts'
[14:04:21.507] Adding entry into typings cache: 'concat-map' => '/home/enzobissoli/.cache/typescript/4.6/node_modules/@types/concat-map/index.d.ts'
[14:04:21.509] Adding entry into typings cache: 'content-disposition' => '/home/enzobissoli/.cache/typescript/4.6/node_modules/@types/content-disposition/index.d.ts'
[14:04:21.510] Adding entry into typings cache: 'content-type' => '/home/enzobissoli/.cache/typescript/4.6/node_modules/@types/content-type/index.d.ts'
[14:04:21.513] Adding entry into typings cache: 'cookie' => '/home/enzobissoli/.cache/typescript/4.6/node_modules/@types/cookie/index.d.ts'
[14:04:21.515] Adding entry into typings cache: 'cookie-signature' => '/home/enzobissoli/.cache/typescript/4.6/node_modules/@types/cookie-signature/index.d.ts'
[14:04:21.520] Adding entry into typings cache: 'debug' => '/home/enzobissoli/.cache/typescript/4.6/node_modules/@types/debug/index.d.ts'
[14:04:21.521] Adding entry into typings cache: 'depd' => '/home/enzobissoli/.cache/typescript/4.6/node_modules/@types/depd/index.d.ts'
[14:04:21.522] Adding entry into typings cache: 'destroy' => '/home/enzobissoli/.cache/typescript/4.6/node_modules/@types/destroy/index.d.ts'
[14:04:21.524] Adding entry into typings cache: 'ee-first' => '/home/enzobissoli/.cache/typescript/4.6/node_modules/@types/ee-first/index.d.ts'
[14:04:21.526] Adding entry into typings cache: 'encodeurl' => '/home/enzobissoli/.cache/typescript/4.6/node_modules/@types/encodeurl/index.d.ts'
[14:04:21.527] Adding entry into typings cache: 'escape-html' => '/home/enzobissoli/.cache/typescript/4.6/node_modules/@types/escape-html/index.d.ts'
[14:04:21.528] Adding entry into typings cache: 'etag' => '/home/enzobissoli/.cache/typescript/4.6/node_modules/@types/etag/index.d.ts'
[14:04:21.530] Adding entry into typings cache: 'express' => '/home/enzobissoli/.cache/typescript/4.6/node_modules/@types/express/index.d.ts'
[14:04:21.531] Adding entry into typings cache: 'finalhandler' => '/home/enzobissoli/.cache/typescript/4.6/node_modules/@types/finalhandler/index.d.ts'
[14:04:21.532] Adding entry into typings cache: 'forwarded' => '/home/enzobissoli/.cache/typescript/4.6/node_modules/@types/forwarded/index.d.ts'
[14:04:21.533] Adding entry into typings cache: 'fresh' => '/home/enzobissoli/.cache/typescript/4.6/node_modules/@types/fresh/index.d.ts'
[14:04:21.535] Adding entry into typings cache: 'http-errors' => '/home/enzobissoli/.cache/typescript/4.6/node_modules/@types/http-errors/index.d.ts'
[14:04:21.536] Adding entry into typings cache: 'inherits' => '/home/enzobissoli/.cache/typescript/4.6/node_modules/@types/inherits/index.d.ts'
[14:04:21.537] Adding entry into typings cache: 'isexe' => '/home/enzobissoli/.cache/typescript/4.6/node_modules/@types/isexe/index.d.ts'
[14:04:21.538] Adding entry into typings cache: 'istanbul-lib-coverage' => '/home/enzobissoli/.cache/typescript/4.6/node_modules/@types/istanbul-lib-coverage/index.d.ts'
[14:04:21.540] Adding entry into typings cache: 'istanbul-lib-instrument' => '/home/enzobissoli/.cache/typescript/4.6/node_modules/@types/istanbul-lib-instrument/index.d.ts'
[14:04:21.541] Adding entry into typings cache: 'istanbul-lib-report' => '/home/enzobissoli/.cache/typescript/4.6/node_modules/@types/istanbul-lib-report/index.d.ts'
[14:04:21.543] Adding entry into typings cache: 'istanbul-reports' => '/home/enzobissoli/.cache/typescript/4.6/node_modules/@types/istanbul-reports/index.d.ts'
[14:04:21.544] Adding entry into typings cache: 'karma' => '/home/enzobissoli/.cache/typescript/4.6/node_modules/@types/karma/index.d.ts'
[14:04:21.545] Adding entry into typings cache: 'karma-chrome-launcher' => '/home/enzobissoli/.cache/typescript/4.6/node_modules/@types/karma-chrome-launcher/index.d.ts'
[14:04:21.547] Adding entry into typings cache: 'karma-coverage' => '/home/enzobissoli/.cache/typescript/4.6/node_modules/@types/karma-coverage/index.d.ts'
[14:04:21.548] Adding entry into typings cache: 'karma-jasmine' => '/home/enzobissoli/.cache/typescript/4.6/node_modules/@types/karma-jasmine/index.d.ts'
[14:04:21.551] Adding entry into typings cache: 'karma-jasmine-html-reporter' => '/home/enzobissoli/.cache/typescript/4.6/node_modules/@types/karma-jasmine-html-reporter/index.d.ts'
[14:04:21.553] Adding entry into typings cache: 'media-typer' => '/home/enzobissoli/.cache/typescript/4.6/node_modules/@types/media-typer/index.d.ts'
[14:04:21.555] Adding entry into typings cache: 'merge-descriptors' => '/home/enzobissoli/.cache/typescript/4.6/node_modules/@types/merge-descriptors/index.d.ts'
[14:04:21.557] Adding entry into typings cache: 'methods' => '/home/enzobissoli/.cache/typescript/4.6/node_modules/@types/methods/index.d.ts'
[14:04:21.559] Adding entry into typings cache: 'mime' => '/home/enzobissoli/.cache/typescript/4.6/node_modules/@types/mime/index.d.ts'
[14:04:21.561] Adding entry into typings cache: 'mime-db' => '/home/enzobissoli/.cache/typescript/4.6/node_modules/@types/mime-db/index.d.ts'
[14:04:21.562] Adding entry into typings cache: 'mime-types' => '/home/enzobissoli/.cache/typescript/4.6/node_modules/@types/mime-types/index.d.ts'
[14:04:21.563] Adding entry into typings cache: 'minimatch' => '/home/enzobissoli/.cache/typescript/4.6/node_modules/@types/minimatch/index.d.ts'
[14:04:21.565] Adding entry into typings cache: 'ms' => '/home/enzobissoli/.cache/typescript/4.6/node_modules/@types/ms/index.d.ts'
[14:04:21.566] Adding entry into typings cache: 'negotiator' => '/home/enzobissoli/.cache/typescript/4.6/node_modules/@types/negotiator/index.d.ts'
[14:04:21.568] Adding entry into typings cache: 'on-finished' => '/home/enzobissoli/.cache/typescript/4.6/node_modules/@types/on-finished/index.d.ts'
[14:04:21.569] Adding entry into typings cache: 'parseurl' => '/home/enzobissoli/.cache/typescript/4.6/node_modules/@types/parseurl/index.d.ts'
[14:04:21.570] Adding entry into typings cache: 'proxy-addr' => '/home/enzobissoli/.cache/typescript/4.6/node_modules/@types/proxy-addr/index.d.ts'
[14:04:21.571] Adding entry into typings cache: 'qs' => '/home/enzobissoli/.cache/typescript/4.6/node_modules/@types/qs/index.d.ts'
[14:04:21.572] Adding entry into typings cache: 'range-parser' => '/home/enzobissoli/.cache/typescript/4.6/node_modules/@types/range-parser/index.d.ts'
[14:04:21.573] Adding entry into typings cache: 'safer-buffer' => '/home/enzobissoli/.cache/typescript/4.6/node_modules/@types/safer-buffer/index.d.ts'
[14:04:21.574] Adding entry into typings cache: 'send' => '/home/enzobissoli/.cache/typescript/4.6/node_modules/@types/send/index.d.ts'
[14:04:21.575] Adding entry into typings cache: 'serve-static' => '/home/enzobissoli/.cache/typescript/4.6/node_modules/@types/serve-static/index.d.ts'
[14:04:21.577] Adding entry into typings cache: 'statuses' => '/home/enzobissoli/.cache/typescript/4.6/node_modules/@types/statuses/index.d.ts'
[14:04:21.578] Adding entry into typings cache: 'type-is' => '/home/enzobissoli/.cache/typescript/4.6/node_modules/@types/type-is/index.d.ts'
[14:04:21.579] Adding entry into typings cache: 'utils-merge' => '/home/enzobissoli/.cache/typescript/4.6/node_modules/@types/utils-merge/index.d.ts'
[14:04:21.580] Adding entry into typings cache: 'vary' => '/home/enzobissoli/.cache/typescript/4.6/node_modules/@types/vary/index.d.ts'
[14:04:21.581] Adding entry into typings cache: 'which' => '/home/enzobissoli/.cache/typescript/4.6/node_modules/@types/which/index.d.ts'
[14:04:21.581] Finished processing cache location '/home/enzobissoli/.cache/typescript/4.6'
[14:04:21.581] Process id: 162393
[14:04:21.581] NPM location: /home/enzobissoli/.config/nvm/versions/node/v14.19.1/bin/npm (explicit '--npmLocation' not  provided)
[14:04:21.581] validateDefaultNpmLocation: false
[14:04:21.581] Npm config file: /home/enzobissoli/.cache/typescript/4.6/package.json
[14:04:21.581] Updating types-registry npm package...
[14:04:21.581] Exec: /home/enzobissoli/.config/nvm/versions/node/v14.19.1/bin/npm install --ignore-scripts types-registry@latest
[14:04:23.466]     Succeeded. stdout:
    + types-registry@0.1.593
    updated 1 package and audited 81 packages in 1.21s
found 0 vulnerabilities


[14:04:23.467] Updated types-registry npm package
