[14:14:45.772] Global cache location '/home/enzobissoli/.cache/typescript/4.6', safe file path '/home/enzobissoli/Insync/enzogurgel15@gmail.com/GoogleDrive/UFPE/2021.2/EngSoftware/Projeto/final/status-module/node_modules/typescript/lib/typingSafeList.json', types map path /home/enzobissoli/Insync/enzogurgel15@gmail.com/GoogleDrive/UFPE/2021.2/EngSoftware/Projeto/final/status-module/node_modules/typescript/lib/typesMap.json
[14:14:45.773] Processing cache location '/home/enzobissoli/.cache/typescript/4.6'
[14:14:45.773] Trying to find '/home/enzobissoli/.cache/typescript/4.6/package.json'...
[14:14:45.774] Loaded content of '/home/enzobissoli/.cache/typescript/4.6/package.json': {"private":true,"dependencies":{"types-registry":"^0.1.593"},"devDependencies":{"@types/accepts":"^1.3.5","@types/angular":"^1.8.4","@types/balanced-match":"^1.0.2","@types/body-parser":"^1.19.2","@types/brace-expansion":"^1.1.0","@types/bytes":"^3.1.1","@types/concat-map":"0.0.1","@types/content-disposition":"^0.5.4","@types/content-type":"^1.1.5","@types/cookie":"^0.4.1","@types/cookie-signature":"^1.0.4","@types/debug":"^4.1.7","@types/depd":"^1.1.32","@types/destroy":"^1.0.0","@types/ee-first":"^1.1.0","@types/encodeurl":"^1.0.0","@types/escape-html":"^1.0.1","@types/etag":"^1.8.1","@types/express":"^4.17.13","@types/finalhandler":"^1.1.1","@types/forwarded":"^0.1.0","@types/fresh":"^0.5.0","@types/http-errors":"^1.8.2","@types/inherits":"^0.0.30","@types/isexe":"^2.0.1","@types/istanbul-lib-coverage":"^2.0.4","@types/istanbul-lib-instrument":"^1.7.4","@types/istanbul-lib-report":"^3.0.0","@types/istanbul-reports":"^3.0.1","@types/karma":"^6.3.3","@types/karma-chrome-launcher":"^3.1.1","@types/karma-coverage":"^2.0.1","@types/karma-jasmine":"^4.0.2","@types/karma-jasmine-html-reporter":"^1.7.0","@types/media-typer":"^1.1.1","@types/merge-descriptors":"^1.0.1","@types/methods":"^1.1.1","@types/mime":"^2.0.3","@types/mime-db":"^1.43.1","@types/mime-types":"^2.1.1","@types/minimatch":"^3.0.5","@types/ms":"^0.7.31","@types/negotiator":"^0.6.1","@types/on-finished":"^2.3.1","@types/parseurl":"^1.3.1","@types/proxy-addr":"^2.0.0","@types/qs":"^6.9.7","@types/range-parser":"^1.2.4","@types/safer-buffer":"^2.1.0","@types/send":"^0.17.1","@types/serve-static":"^1.13.10","@types/statuses":"^2.0.0","@types/type-is":"^1.6.3","@types/utils-merge":"^0.0.28","@types/vary":"^1.1.0","@types/which":"^2.0.1"}}
[14:14:45.774] Loaded content of '/home/enzobissoli/.cache/typescript/4.6/package-lock.json'
[14:14:45.782] Adding entry into typings cache: 'accepts' => '/home/enzobissoli/.cache/typescript/4.6/node_modules/@types/accepts/index.d.ts'
[14:14:45.785] Adding entry into typings cache: 'angular' => '/home/enzobissoli/.cache/typescript/4.6/node_modules/@types/angular/index.d.ts'
[14:14:45.787] Adding entry into typings cache: 'balanced-match' => '/home/enzobissoli/.cache/typescript/4.6/node_modules/@types/balanced-match/index.d.ts'
[14:14:45.790] Adding entry into typings cache: 'body-parser' => '/home/enzobissoli/.cache/typescript/4.6/node_modules/@types/body-parser/index.d.ts'
[14:14:45.793] Adding entry into typings cache: 'brace-expansion' => '/home/enzobissoli/.cache/typescript/4.6/node_modules/@types/brace-expansion/index.d.ts'
[14:14:45.797] Adding entry into typings cache: 'bytes' => '/home/enzobissoli/.cache/typescript/4.6/node_modules/@types/bytes/index.d.ts'
[14:14:45.799] Adding entry into typings cache: 'concat-map' => '/home/enzobissoli/.cache/typescript/4.6/node_modules/@types/concat-map/index.d.ts'
[14:14:45.802] Adding entry into typings cache: 'content-disposition' => '/home/enzobissoli/.cache/typescript/4.6/node_modules/@types/content-disposition/index.d.ts'
[14:14:45.804] Adding entry into typings cache: 'content-type' => '/home/enzobissoli/.cache/typescript/4.6/node_modules/@types/content-type/index.d.ts'
[14:14:45.808] Adding entry into typings cache: 'cookie' => '/home/enzobissoli/.cache/typescript/4.6/node_modules/@types/cookie/index.d.ts'
[14:14:45.810] Adding entry into typings cache: 'cookie-signature' => '/home/enzobissoli/.cache/typescript/4.6/node_modules/@types/cookie-signature/index.d.ts'
[14:14:45.814] Adding entry into typings cache: 'debug' => '/home/enzobissoli/.cache/typescript/4.6/node_modules/@types/debug/index.d.ts'
[14:14:45.815] Adding entry into typings cache: 'depd' => '/home/enzobissoli/.cache/typescript/4.6/node_modules/@types/depd/index.d.ts'
[14:14:45.817] Adding entry into typings cache: 'destroy' => '/home/enzobissoli/.cache/typescript/4.6/node_modules/@types/destroy/index.d.ts'
[14:14:45.818] Adding entry into typings cache: 'ee-first' => '/home/enzobissoli/.cache/typescript/4.6/node_modules/@types/ee-first/index.d.ts'
[14:14:45.822] Adding entry into typings cache: 'encodeurl' => '/home/enzobissoli/.cache/typescript/4.6/node_modules/@types/encodeurl/index.d.ts'
[14:14:45.823] Adding entry into typings cache: 'escape-html' => '/home/enzobissoli/.cache/typescript/4.6/node_modules/@types/escape-html/index.d.ts'
[14:14:45.824] Adding entry into typings cache: 'etag' => '/home/enzobissoli/.cache/typescript/4.6/node_modules/@types/etag/index.d.ts'
[14:14:45.826] Adding entry into typings cache: 'express' => '/home/enzobissoli/.cache/typescript/4.6/node_modules/@types/express/index.d.ts'
[14:14:45.827] Adding entry into typings cache: 'finalhandler' => '/home/enzobissoli/.cache/typescript/4.6/node_modules/@types/finalhandler/index.d.ts'
[14:14:45.828] Adding entry into typings cache: 'forwarded' => '/home/enzobissoli/.cache/typescript/4.6/node_modules/@types/forwarded/index.d.ts'
[14:14:45.829] Adding entry into typings cache: 'fresh' => '/home/enzobissoli/.cache/typescript/4.6/node_modules/@types/fresh/index.d.ts'
[14:14:45.830] Adding entry into typings cache: 'http-errors' => '/home/enzobissoli/.cache/typescript/4.6/node_modules/@types/http-errors/index.d.ts'
[14:14:45.831] Adding entry into typings cache: 'inherits' => '/home/enzobissoli/.cache/typescript/4.6/node_modules/@types/inherits/index.d.ts'
[14:14:45.833] Adding entry into typings cache: 'isexe' => '/home/enzobissoli/.cache/typescript/4.6/node_modules/@types/isexe/index.d.ts'
[14:14:45.834] Adding entry into typings cache: 'istanbul-lib-coverage' => '/home/enzobissoli/.cache/typescript/4.6/node_modules/@types/istanbul-lib-coverage/index.d.ts'
[14:14:45.835] Adding entry into typings cache: 'istanbul-lib-instrument' => '/home/enzobissoli/.cache/typescript/4.6/node_modules/@types/istanbul-lib-instrument/index.d.ts'
[14:14:45.837] Adding entry into typings cache: 'istanbul-lib-report' => '/home/enzobissoli/.cache/typescript/4.6/node_modules/@types/istanbul-lib-report/index.d.ts'
[14:14:45.838] Adding entry into typings cache: 'istanbul-reports' => '/home/enzobissoli/.cache/typescript/4.6/node_modules/@types/istanbul-reports/index.d.ts'
[14:14:45.839] Adding entry into typings cache: 'karma' => '/home/enzobissoli/.cache/typescript/4.6/node_modules/@types/karma/index.d.ts'
[14:14:45.840] Adding entry into typings cache: 'karma-chrome-launcher' => '/home/enzobissoli/.cache/typescript/4.6/node_modules/@types/karma-chrome-launcher/index.d.ts'
[14:14:45.842] Adding entry into typings cache: 'karma-coverage' => '/home/enzobissoli/.cache/typescript/4.6/node_modules/@types/karma-coverage/index.d.ts'
[14:14:45.843] Adding entry into typings cache: 'karma-jasmine' => '/home/enzobissoli/.cache/typescript/4.6/node_modules/@types/karma-jasmine/index.d.ts'
[14:14:45.846] Adding entry into typings cache: 'karma-jasmine-html-reporter' => '/home/enzobissoli/.cache/typescript/4.6/node_modules/@types/karma-jasmine-html-reporter/index.d.ts'
[14:14:45.847] Adding entry into typings cache: 'media-typer' => '/home/enzobissoli/.cache/typescript/4.6/node_modules/@types/media-typer/index.d.ts'
[14:14:45.848] Adding entry into typings cache: 'merge-descriptors' => '/home/enzobissoli/.cache/typescript/4.6/node_modules/@types/merge-descriptors/index.d.ts'
[14:14:45.850] Adding entry into typings cache: 'methods' => '/home/enzobissoli/.cache/typescript/4.6/node_modules/@types/methods/index.d.ts'
[14:14:45.851] Adding entry into typings cache: 'mime' => '/home/enzobissoli/.cache/typescript/4.6/node_modules/@types/mime/index.d.ts'
[14:14:45.852] Adding entry into typings cache: 'mime-db' => '/home/enzobissoli/.cache/typescript/4.6/node_modules/@types/mime-db/index.d.ts'
[14:14:45.853] Adding entry into typings cache: 'mime-types' => '/home/enzobissoli/.cache/typescript/4.6/node_modules/@types/mime-types/index.d.ts'
[14:14:45.854] Adding entry into typings cache: 'minimatch' => '/home/enzobissoli/.cache/typescript/4.6/node_modules/@types/minimatch/index.d.ts'
[14:14:45.857] Adding entry into typings cache: 'ms' => '/home/enzobissoli/.cache/typescript/4.6/node_modules/@types/ms/index.d.ts'
[14:14:45.858] Adding entry into typings cache: 'negotiator' => '/home/enzobissoli/.cache/typescript/4.6/node_modules/@types/negotiator/index.d.ts'
[14:14:45.860] Adding entry into typings cache: 'on-finished' => '/home/enzobissoli/.cache/typescript/4.6/node_modules/@types/on-finished/index.d.ts'
[14:14:45.861] Adding entry into typings cache: 'parseurl' => '/home/enzobissoli/.cache/typescript/4.6/node_modules/@types/parseurl/index.d.ts'
[14:14:45.862] Adding entry into typings cache: 'proxy-addr' => '/home/enzobissoli/.cache/typescript/4.6/node_modules/@types/proxy-addr/index.d.ts'
[14:14:45.863] Adding entry into typings cache: 'qs' => '/home/enzobissoli/.cache/typescript/4.6/node_modules/@types/qs/index.d.ts'
[14:14:45.863] Adding entry into typings cache: 'range-parser' => '/home/enzobissoli/.cache/typescript/4.6/node_modules/@types/range-parser/index.d.ts'
[14:14:45.864] Adding entry into typings cache: 'safer-buffer' => '/home/enzobissoli/.cache/typescript/4.6/node_modules/@types/safer-buffer/index.d.ts'
[14:14:45.865] Adding entry into typings cache: 'send' => '/home/enzobissoli/.cache/typescript/4.6/node_modules/@types/send/index.d.ts'
[14:14:45.867] Adding entry into typings cache: 'serve-static' => '/home/enzobissoli/.cache/typescript/4.6/node_modules/@types/serve-static/index.d.ts'
[14:14:45.868] Adding entry into typings cache: 'statuses' => '/home/enzobissoli/.cache/typescript/4.6/node_modules/@types/statuses/index.d.ts'
[14:14:45.868] Adding entry into typings cache: 'type-is' => '/home/enzobissoli/.cache/typescript/4.6/node_modules/@types/type-is/index.d.ts'
[14:14:45.869] Adding entry into typings cache: 'utils-merge' => '/home/enzobissoli/.cache/typescript/4.6/node_modules/@types/utils-merge/index.d.ts'
[14:14:45.870] Adding entry into typings cache: 'vary' => '/home/enzobissoli/.cache/typescript/4.6/node_modules/@types/vary/index.d.ts'
[14:14:45.871] Adding entry into typings cache: 'which' => '/home/enzobissoli/.cache/typescript/4.6/node_modules/@types/which/index.d.ts'
[14:14:45.871] Finished processing cache location '/home/enzobissoli/.cache/typescript/4.6'
[14:14:45.871] Process id: 163475
[14:14:45.871] NPM location: /home/enzobissoli/.config/nvm/versions/node/v14.19.1/bin/npm (explicit '--npmLocation' not  provided)
[14:14:45.871] validateDefaultNpmLocation: false
[14:14:45.871] Npm config file: /home/enzobissoli/.cache/typescript/4.6/package.json
[14:14:45.871] Updating types-registry npm package...
[14:14:45.871] Exec: /home/enzobissoli/.config/nvm/versions/node/v14.19.1/bin/npm install --ignore-scripts types-registry@latest
[14:14:47.760]     Succeeded. stdout:
    + types-registry@0.1.593
    updated 1 package and audited 81 packages in 1.303s
found 0 vulnerabilities


[14:14:47.760] Updated types-registry npm package
